\BOOKMARK [0][-]{section*.2}{Indhold}{}% 1
\BOOKMARK [0][-]{chapter.1}{Introduction}{}% 2
\BOOKMARK [1][-]{section.1.1}{Motivation}{chapter.1}% 3
\BOOKMARK [1][-]{section.1.2}{Target Group}{chapter.1}% 4
\BOOKMARK [2][-]{subsection.1.2.1}{Working with Children with ASD}{section.1.2}% 5
\BOOKMARK [1][-]{section.1.3}{Target Platform}{chapter.1}% 6
\BOOKMARK [1][-]{section.1.4}{Development Method}{chapter.1}% 7
\BOOKMARK [1][-]{section.1.5}{Problem Definition}{chapter.1}% 8
\BOOKMARK [1][-]{section.1.6}{System Description}{chapter.1}% 9
\BOOKMARK [1][-]{section.1.7}{Architecture}{chapter.1}% 10
\BOOKMARK [1][-]{section.1.8}{Usability Test}{chapter.1}% 11
\BOOKMARK [2][-]{subsection.1.8.1}{Approach}{section.1.8}% 12
\BOOKMARK [0][-]{chapter.2}{Analysis}{}% 13
\BOOKMARK [0][-]{chapter.3}{Application Design}{}% 14
\BOOKMARK [0][-]{chapter.4}{Implementation}{}% 15
\BOOKMARK [1][-]{section.4.1}{Drag And Drop}{chapter.4}% 16
\BOOKMARK [1][-]{section.4.2}{Playing Sound}{chapter.4}% 17
\BOOKMARK [1][-]{section.4.3}{Tab Navigation}{chapter.4}% 18
\BOOKMARK [1][-]{section.4.4}{Color Picker}{chapter.4}% 19
\BOOKMARK [2][-]{subsection.4.4.1}{Further Reading:}{section.4.4}% 20
\BOOKMARK [1][-]{section.4.5}{Displaying Pictograms}{chapter.4}% 21
\BOOKMARK [2][-]{subsection.4.5.1}{Problem}{section.4.5}% 22
\BOOKMARK [2][-]{subsection.4.5.2}{Solution}{section.4.5}% 23
\BOOKMARK [2][-]{subsection.4.5.3}{Execution}{section.4.5}% 24
\BOOKMARK [2][-]{subsection.4.5.4}{Result}{section.4.5}% 25
\BOOKMARK [2][-]{subsection.4.5.5}{Notes}{section.4.5}% 26
\BOOKMARK [2][-]{subsection.4.5.6}{Further Reading}{section.4.5}% 27
\BOOKMARK [1][-]{section.4.6}{}{chapter.4}% 28
\BOOKMARK [2][-]{subsection.4.6.1}{Problem:}{section.4.6}% 29
\BOOKMARK [2][-]{subsection.4.6.2}{Solution:}{section.4.6}% 30
\BOOKMARK [2][-]{subsection.4.6.3}{Execution:}{section.4.6}% 31
\BOOKMARK [2][-]{subsection.4.6.4}{Result:}{section.4.6}% 32
\BOOKMARK [2][-]{subsection.4.6.5}{Notes:}{section.4.6}% 33
\BOOKMARK [2][-]{subsection.4.6.6}{Further Reading:}{section.4.6}% 34
\BOOKMARK [1][-]{section.4.7}{Data management}{chapter.4}% 35
\BOOKMARK [2][-]{subsection.4.7.1}{Problem}{section.4.7}% 36
\BOOKMARK [2][-]{subsection.4.7.2}{Solution}{section.4.7}% 37
\BOOKMARK [2][-]{subsection.4.7.3}{Execution}{section.4.7}% 38
\BOOKMARK [2][-]{subsection.4.7.4}{Result}{section.4.7}% 39
\BOOKMARK [2][-]{subsection.4.7.5}{Notes:}{section.4.7}% 40
\BOOKMARK [2][-]{subsection.4.7.6}{Further Reading:}{section.4.7}% 41
\BOOKMARK [0][-]{appendix.A}{Notes from Interview}{}% 42
\BOOKMARK [0][-]{appendix.B}{invitation to usability test}{}% 43
\BOOKMARK [0][-]{appendix.C}{Notes from Interview with Tove}{}% 44
\BOOKMARK [0][-]{section*.29}{Litteratur}{}% 45
