\BOOKMARK [-1][-]{part.1}{I Introduction}{}
\BOOKMARK [0][-]{chapter.1}{Analysis}{part.1}
\BOOKMARK [1][-]{section.1.1}{System Definition}{chapter.1}
\BOOKMARK [-1][-]{part.2}{II Development}{}
\BOOKMARK [0][-]{chapter.2}{Design}{part.2}
\BOOKMARK [1][-]{section.2.1}{Vision}{chapter.2}
\BOOKMARK [1][-]{section.2.2}{Use Cases}{chapter.2}
\BOOKMARK [0][-]{chapter.3}{Development Process}{part.2}
\BOOKMARK [1][-]{section.3.1}{Sprints}{chapter.3}
\BOOKMARK [0][-]{chapter.4}{Implementation}{part.2}
\BOOKMARK [1][-]{section.4.1}{Architecture}{chapter.4}
\BOOKMARK [1][-]{section.4.2}{Test Cases}{chapter.4}
\BOOKMARK [-1][-]{part.3}{III Discussion}{}
\BOOKMARK [0][-]{chapter.5}{Reflections and Evaluations}{part.3}
\BOOKMARK [1][-]{section.5.1}{Conclusion}{chapter.5}
\BOOKMARK [1][-]{section.5.2}{Future Work}{chapter.5}
\BOOKMARK [1][-]{section.5.3}{Conclusion}{chapter.5}
\BOOKMARK [1][-]{section.5.4}{Future Work}{chapter.5}
\BOOKMARK [-1][-]{part.4}{IV Appendix}{}
\BOOKMARK [0][-]{section.5.5}{Sprint Burndown Charts and Backlogs}{part.4}
\BOOKMARK [0][-]{section.5.5}{Bibliography}{part.4}
